This is pdfTeX, Version 3.14159265-2.6-1.40.21 (TeX Live 2020) (preloaded format=pdflatex 2020.7.4)  4 AUG 2020 20:48
entering extended mode
 restricted \write18 enabled.
 file:line:error style messages enabled.
 %&-line parsing enabled.
**unswthesis.tex
(./unswthesis.tex
LaTeX2e <2020-02-02> patch level 5
L3 programming layer <2020-06-18> (./unswthesis.cls

LaTeX Warning: You have requested document class `unswthesis',
               but the document class provides `UNSWthesis'.

Document Class: UNSWthesis 1999/11/10  v2.42  UNSW thesis class
(/usr/local/texlive/2020/texmf-dist/tex/latex/base/report.cls
Document Class: report 2019/12/20 v1.4l Standard LaTeX document class
(/usr/local/texlive/2020/texmf-dist/tex/latex/base/size12.clo
File: size12.clo 2019/12/20 v1.4l Standard LaTeX file (size option)
)
\c@part=\count167
\c@chapter=\count168
\c@section=\count169
\c@subsection=\count170
\c@subsubsection=\count171
\c@paragraph=\count172
\c@subparagraph=\count173
\c@figure=\count174
\c@table=\count175
\abovecaptionskip=\skip47
\belowcaptionskip=\skip48
\bibindent=\dimen134
)
\chaprule=\skip49
\ATchapskip=\skip50
\@chapwidth=\skip51
) (/usr/local/texlive/2020/texmf-dist/tex/latex/amsfonts/amsfonts.sty
Package: amsfonts 2013/01/14 v3.01 Basic AMSFonts support
\@emptytoks=\toks15
\symAMSa=\mathgroup4
\symAMSb=\mathgroup5
LaTeX Font Info:    Redeclaring math symbol \hbar on input line 98.
LaTeX Font Info:    Overwriting math alphabet `\mathfrak' in version `bold'
(Font)                  U/euf/m/n --> U/euf/b/n on input line 106.
) (/usr/local/texlive/2020/texmf-dist/tex/latex/amsfonts/amssymb.sty
Package: amssymb 2013/01/14 v3.01 AMS font symbols
) (/usr/local/texlive/2020/texmf-dist/tex/latex/amscls/amsthm.sty
Package: amsthm 2020/05/29 v2.20.6
\thm@style=\toks16
\thm@bodyfont=\toks17
\thm@headfont=\toks18
\thm@notefont=\toks19
\thm@headpunct=\toks20
\thm@preskip=\skip52
\thm@postskip=\skip53
\thm@headsep=\skip54
\dth@everypar=\toks21
) (/usr/local/texlive/2020/texmf-dist/tex/latex/base/latexsym.sty
Package: latexsym 1998/08/17 v2.2e Standard LaTeX package (lasy symbols)
\symlasy=\mathgroup6
LaTeX Font Info:    Overwriting symbol font `lasy' in version `bold'
(Font)                  U/lasy/m/n --> U/lasy/b/n on input line 52.
) (/usr/local/texlive/2020/texmf-dist/tex/latex/amsmath/amsmath.sty
Package: amsmath 2020/01/20 v2.17e AMS math features
\@mathmargin=\skip55

For additional information on amsmath, use the `?' option.
(/usr/local/texlive/2020/texmf-dist/tex/latex/amsmath/amstext.sty
Package: amstext 2000/06/29 v2.01 AMS text
 (/usr/local/texlive/2020/texmf-dist/tex/latex/amsmath/amsgen.sty
File: amsgen.sty 1999/11/30 v2.0 generic functions
\@emptytoks=\toks22
\ex@=\dimen135
)) (/usr/local/texlive/2020/texmf-dist/tex/latex/amsmath/amsbsy.sty
Package: amsbsy 1999/11/29 v1.2d Bold Symbols
\pmbraise@=\dimen136
) (/usr/local/texlive/2020/texmf-dist/tex/latex/amsmath/amsopn.sty
Package: amsopn 2016/03/08 v2.02 operator names
)
\inf@bad=\count176
LaTeX Info: Redefining \frac on input line 227.
\uproot@=\count177
\leftroot@=\count178
LaTeX Info: Redefining \overline on input line 389.
\classnum@=\count179
\DOTSCASE@=\count180
LaTeX Info: Redefining \ldots on input line 486.
LaTeX Info: Redefining \dots on input line 489.
LaTeX Info: Redefining \cdots on input line 610.
\Mathstrutbox@=\box45
\strutbox@=\box46
\big@size=\dimen137
LaTeX Font Info:    Redeclaring font encoding OML on input line 733.
LaTeX Font Info:    Redeclaring font encoding OMS on input line 734.
\macc@depth=\count181
\c@MaxMatrixCols=\count182
\dotsspace@=\muskip16
\c@parentequation=\count183
\dspbrk@lvl=\count184
\tag@help=\toks23
\row@=\count185
\column@=\count186
\maxfields@=\count187
\andhelp@=\toks24
\eqnshift@=\dimen138
\alignsep@=\dimen139
\tagshift@=\dimen140
\tagwidth@=\dimen141
\totwidth@=\dimen142
\lineht@=\dimen143
\@envbody=\toks25
\multlinegap=\skip56
\multlinetaggap=\skip57
\mathdisplay@stack=\toks26
LaTeX Info: Redefining \[ on input line 2859.
LaTeX Info: Redefining \] on input line 2860.
) (/usr/local/texlive/2020/texmf-dist/tex/latex/graphics/graphicx.sty
Package: graphicx 2019/11/30 v1.2a Enhanced LaTeX Graphics (DPC,SPQR)
 (/usr/local/texlive/2020/texmf-dist/tex/latex/graphics/keyval.sty
Package: keyval 2014/10/28 v1.15 key=value parser (DPC)
\KV@toks@=\toks27
) (/usr/local/texlive/2020/texmf-dist/tex/latex/graphics/graphics.sty
Package: graphics 2019/11/30 v1.4a Standard LaTeX Graphics (DPC,SPQR)
 (/usr/local/texlive/2020/texmf-dist/tex/latex/graphics/trig.sty
Package: trig 2016/01/03 v1.10 sin cos tan (DPC)
) (/usr/local/texlive/2020/texmf-dist/tex/latex/graphics-cfg/graphics.cfg
File: graphics.cfg 2016/06/04 v1.11 sample graphics configuration
)
Package graphics Info: Driver file: pdftex.def on input line 105.
 (/usr/local/texlive/2020/texmf-dist/tex/latex/graphics-def/pdftex.def
File: pdftex.def 2018/01/08 v1.0l Graphics/color driver for pdftex
))
\Gin@req@height=\dimen144
\Gin@req@width=\dimen145
) (/usr/local/texlive/2020/texmf-dist/tex/latex/tools/afterpage.sty
Package: afterpage 2014/10/28 v1.08 After-Page Package (DPC)
\AP@output=\toks28
\AP@partial=\box47
\AP@footins=\box48
) (./des/title/title.tex) (/usr/local/texlive/2020/texmf-dist/tex/latex/l3backend/l3backend-pdfmode.def
File: l3backend-pdfmode.def 2020-06-29 L3 backend support: PDF mode
\l__kernel_color_stack_int=\count188
\l__pdf_internal_box=\box49
) (./unswthesis.aux

LaTeX Warning: Label `fig:boat1' multiply defined.


LaTeX Warning: Label `fig:DirBN Model' multiply defined.


LaTeX Warning: Label `fig:DirBN Model' multiply defined.


LaTeX Warning: Label `ccl' multiply defined.

)
\openout1 = `unswthesis.aux'.

LaTeX Font Info:    Checking defaults for OML/cmm/m/it on input line 113.
LaTeX Font Info:    ... okay on input line 113.
LaTeX Font Info:    Checking defaults for OMS/cmsy/m/n on input line 113.
LaTeX Font Info:    ... okay on input line 113.
LaTeX Font Info:    Checking defaults for OT1/cmr/m/n on input line 113.
LaTeX Font Info:    ... okay on input line 113.
LaTeX Font Info:    Checking defaults for T1/cmr/m/n on input line 113.
LaTeX Font Info:    ... okay on input line 113.
LaTeX Font Info:    Checking defaults for TS1/cmr/m/n on input line 113.
LaTeX Font Info:    ... okay on input line 113.
LaTeX Font Info:    Checking defaults for OMX/cmex/m/n on input line 113.
LaTeX Font Info:    ... okay on input line 113.
LaTeX Font Info:    Checking defaults for U/cmr/m/n on input line 113.
LaTeX Font Info:    ... okay on input line 113.
 (/usr/local/texlive/2020/texmf-dist/tex/context/base/mkii/supp-pdf.mkii
[Loading MPS to PDF converter (version 2006.09.02).]
\scratchcounter=\count189
\scratchdimen=\dimen146
\scratchbox=\box50
\nofMPsegments=\count190
\nofMParguments=\count191
\everyMPshowfont=\toks29
\MPscratchCnt=\count192
\MPscratchDim=\dimen147
\MPnumerator=\count193
\makeMPintoPDFobject=\count194
\everyMPtoPDFconversion=\toks30
) (/usr/local/texlive/2020/texmf-dist/tex/latex/epstopdf-pkg/epstopdf-base.sty
Package: epstopdf-base 2020-01-24 v2.11 Base part for package epstopdf
Package epstopdf-base Info: Redefining graphics rule for `.eps' on input line 485.
 (/usr/local/texlive/2020/texmf-dist/tex/latex/latexconfig/epstopdf-sys.cfg
File: epstopdf-sys.cfg 2010/07/13 v1.3 Configuration of (r)epstopdf for TeX Live
))

pdfTeX warning: pdflatex (file ./unsw-crest.pdf): PDF inclusion: found PDF version <1.7>, but at most version <1.5> allowed
<unsw-crest.pdf, id=1, 164.2938pt x 192.2382pt>
File: unsw-crest.pdf Graphic file (type pdf)
<use unsw-crest.pdf>
Package pdftex.def Info: unsw-crest.pdf  used on input line 115.
(pdftex.def)             Requested size: 142.26378pt x 166.47147pt.
[1

{/usr/local/texlive/2020/texmf-var/fonts/map/pdftex/updmap/pdftex.map} <./unsw-crest.pdf>] (./des/plagiarism/plag.tex
./des/plagiarism/plag.tex:1: Undefined control sequence.
\AP@ ->{\blankpage 
                   \par }
l.1 \prefacesection{Plagiarism statement}
                                         
The control sequence at the end of the top line
of your error message was never \def'ed. If you have
misspelled it (e.g., `\hobx'), type `I' and the correct
spelling (e.g., `I\hbox'). Otherwise just continue,
and I'll forget about whatever was undefined.


Underfull \hbox (badness 10000) in paragraph at lines 21--23

 []

) (./des/abstract/abs.tex [1

]
./des/abstract/abs.tex:1: Undefined control sequence.
\AP@ ->{\blankpage 
                   \par }
l.1 \prefacesection{Abstract}
                             
The control sequence at the end of the top line
of your error message was never \def'ed. If you have
misspelled it (e.g., `\hobx'), type `I' and the correct
spelling (e.g., `I\hbox'). Otherwise just continue,
and I'll forget about whatever was undefined.

./des/abstract/abs.tex:21: Improper \prevdepth.
\newpage ...everypar {}\fi \par \ifdim \prevdepth 
                                                  >\z@ \vskip -\ifdim \prevd...
l.21 \afterpreface
                  
You can refer to \spacefactor only in horizontal mode;
you can refer to \prevdepth only in vertical mode; and
neither of these is meaningful inside \write. So
I'm forgetting what you said and using zero instead.


./des/abstract/abs.tex:21: LaTeX Error: Something's wrong--perhaps a missing \item.

See the LaTeX manual or LaTeX Companion for explanation.
Type  H <return>  for immediate help.
 ...                                              
                                                  
l.21 \afterpreface
                  
Try typing  <return>  to proceed.
If that doesn't work, type  X <return>  to quit.

[2

]

./des/abstract/abs.tex:21: LaTeX Error: Something's wrong--perhaps a missing \item.

See the LaTeX manual or LaTeX Companion for explanation.
Type  H <return>  for immediate help.
 ...                                              
                                                  
l.21 \afterpreface
                  
Try typing  <return>  to proceed.
If that doesn't work, type  X <return>  to quit.

./des/abstract/abs.tex:21: Undefined control sequence.
\AP@ ->{\blankpage 
                   \par }
l.21 \afterpreface
                  
The control sequence at the end of the top line
of your error message was never \def'ed. If you have
misspelled it (e.g., `\hobx'), type `I' and the correct
spelling (e.g., `I\hbox'). Otherwise just continue,
and I'll forget about whatever was undefined.


./des/abstract/abs.tex:21: LaTeX Error: Something's wrong--perhaps a missing \item.

See the LaTeX manual or LaTeX Companion for explanation.
Type  H <return>  for immediate help.
 ...                                              
                                                  
l.21 \afterpreface
                  
Try typing  <return>  to proceed.
If that doesn't work, type  X <return>  to quit.


./des/abstract/abs.tex:21: LaTeX Error: Something's wrong--perhaps a missing \item.

See the LaTeX manual or LaTeX Companion for explanation.
Type  H <return>  for immediate help.
 ...                                              
                                                  
l.21 \afterpreface
                  
Try typing  <return>  to proceed.
If that doesn't work, type  X <return>  to quit.


./des/abstract/abs.tex:21: LaTeX Error: Something's wrong--perhaps a missing \item.

See the LaTeX manual or LaTeX Companion for explanation.
Type  H <return>  for immediate help.
 ...                                              
                                                  
l.21 \afterpreface
                  
Try typing  <return>  to proceed.
If that doesn't work, type  X <return>  to quit.


./des/abstract/abs.tex:21: LaTeX Error: Something's wrong--perhaps a missing \item.

See the LaTeX manual or LaTeX Companion for explanation.
Type  H <return>  for immediate help.
 ...                                              
                                                  
l.21 \afterpreface
                  
Try typing  <return>  to proceed.
If that doesn't work, type  X <return>  to quit.


Overfull \hbox (29.3747pt too wide) in paragraph at lines 21--21
[] 
 []


./des/abstract/abs.tex:21: LaTeX Error: Something's wrong--perhaps a missing \item.

See the LaTeX manual or LaTeX Companion for explanation.
Type  H <return>  for immediate help.
 ...                                              
                                                  
l.21 \afterpreface
                  
Try typing  <return>  to proceed.
If that doesn't work, type  X <return>  to quit.


./des/abstract/abs.tex:21: LaTeX Error: Something's wrong--perhaps a missing \item.

See the LaTeX manual or LaTeX Companion for explanation.
Type  H <return>  for immediate help.
 ...                                              
                                                  
l.21 \afterpreface
                  
Try typing  <return>  to proceed.
If that doesn't work, type  X <return>  to quit.


Overfull \hbox (29.3747pt too wide) in paragraph at lines 21--21
 [] 
 []

(./unswthesis.toc

./unswthesis.toc:1: LaTeX Error: Something's wrong--perhaps a missing \item.

See the LaTeX manual or LaTeX Companion for explanation.
Type  H <return>  for immediate help.
 ...                                              
                                                  
l.1 ...er}{\numberline {Chapter 1}Introduction}{1}
                                                  %
Try typing  <return>  to proceed.
If that doesn't work, type  X <return>  to quit.


./unswthesis.toc:2: LaTeX Error: Something's wrong--perhaps a missing \item.

See the LaTeX manual or LaTeX Companion for explanation.
Type  H <return>  for immediate help.
 ...                                              
                                                  
l.2 ...r}{\numberline {Chapter 2}Preliminaries}{5}
                                                  %
Try typing  <return>  to proceed.
If that doesn't work, type  X <return>  to quit.

LaTeX Font Info:    Trying to load font information for U+msa on input line 3.
(/usr/local/texlive/2020/texmf-dist/tex/latex/amsfonts/umsa.fd
File: umsa.fd 2013/01/14 v3.01 AMS symbols A
)
LaTeX Font Info:    Trying to load font information for U+msb on input line 3.
 (/usr/local/texlive/2020/texmf-dist/tex/latex/amsfonts/umsb.fd
File: umsb.fd 2013/01/14 v3.01 AMS symbols B
)
LaTeX Font Info:    Trying to load font information for U+lasy on input line 3.
 (/usr/local/texlive/2020/texmf-dist/tex/latex/base/ulasy.fd
File: ulasy.fd 1998/08/17 v2.2e LaTeX symbol font definitions
)

./unswthesis.toc:3: LaTeX Error: Something's wrong--perhaps a missing \item.

See the LaTeX manual or LaTeX Companion for explanation.
Type  H <return>  for immediate help.
 ...                                              
                                                  
l.3 ...tion}{\numberline {2.1}Bayesian Theorem}{5}
                                                  %
Try typing  <return>  to proceed.
If that doesn't work, type  X <return>  to quit.


./unswthesis.toc:4: LaTeX Error: Something's wrong--perhaps a missing \item.

See the LaTeX manual or LaTeX Companion for explanation.
Type  H <return>  for immediate help.
 ...                                              
                                                  
l.4 ...n}{\numberline {2.1.1}Prior Probability}{8}
                                                  %
Try typing  <return>  to proceed.
If that doesn't work, type  X <return>  to quit.


./unswthesis.toc:5: LaTeX Error: Something's wrong--perhaps a missing \item.

See the LaTeX manual or LaTeX Companion for explanation.
Type  H <return>  for immediate help.
 ...                                              
                                                  
l.5 ...umberline {2.1.2}Likelihood Probability}{8}
                                                  %
Try typing  <return>  to proceed.
If that doesn't work, type  X <return>  to quit.


./unswthesis.toc:6: LaTeX Error: Something's wrong--perhaps a missing \item.

See the LaTeX manual or LaTeX Companion for explanation.
Type  H <return>  for immediate help.
 ...                                              
                                                  
l.6 ...numberline {2.1.3}Posterior probability}{9}
                                                  %
Try typing  <return>  to proceed.
If that doesn't work, type  X <return>  to quit.


./unswthesis.toc:7: LaTeX Error: Something's wrong--perhaps a missing \item.

See the LaTeX manual or LaTeX Companion for explanation.
Type  H <return>  for immediate help.
 ...                                              
                                                  
l.7 ...ion}{\numberline {2.1.4}conjugate prior}{9}
                                                  %
Try typing  <return>  to proceed.
If that doesn't work, type  X <return>  to quit.


./unswthesis.toc:8: LaTeX Error: Something's wrong--perhaps a missing \item.

See the LaTeX manual or LaTeX Companion for explanation.
Type  H <return>  for immediate help.
 ...                                              
                                                  
l.8 ...n}{\numberline {2.2}Basic distribution}{10}
                                                  %
Try typing  <return>  to proceed.
If that doesn't work, type  X <return>  to quit.


./unswthesis.toc:9: LaTeX Error: Something's wrong--perhaps a missing \item.

See the LaTeX manual or LaTeX Companion for explanation.
Type  H <return>  for immediate help.
 ...                                              
                                                  
l.9 ...}{\numberline {2.2.1}Beta distribution}{10}
                                                  %
Try typing  <return>  to proceed.
If that doesn't work, type  X <return>  to quit.


./unswthesis.toc:10: LaTeX Error: Something's wrong--perhaps a missing \item.

See the LaTeX manual or LaTeX Companion for explanation.
Type  H <return>  for immediate help.
 ...                                              
                                                  
l.10 ...berline {2.2.2}Dirichlet distribution}{11}
                                                  %
Try typing  <return>  to proceed.
If that doesn't work, type  X <return>  to quit.


./unswthesis.toc:11: LaTeX Error: Something's wrong--perhaps a missing \item.

See the LaTeX manual or LaTeX Companion for explanation.
Type  H <return>  for immediate help.
 ...                                              
                                                  
l.11 ...}Poisson and Multinomial distribution}{13}
                                                  %
Try typing  <return>  to proceed.
If that doesn't work, type  X <return>  to quit.


./unswthesis.toc:12: LaTeX Error: Something's wrong--perhaps a missing \item.

See the LaTeX manual or LaTeX Companion for explanation.
Type  H <return>  for immediate help.
 ...                                              
                                                  
l.12 ... Chain Monte Carlo and Gibbs Sampling}{14}
                                                  %
Try typing  <return>  to proceed.
If that doesn't work, type  X <return>  to quit.


./unswthesis.toc:13: LaTeX Error: Something's wrong--perhaps a missing \item.

See the LaTeX manual or LaTeX Companion for explanation.
Type  H <return>  for immediate help.
 ...                                              
                                                  
l.13 ...\numberline {2.3.1}Monte Carlo Method}{14}
                                                  %
Try typing  <return>  to proceed.
If that doesn't work, type  X <return>  to quit.


./unswthesis.toc:14: LaTeX Error: Something's wrong--perhaps a missing \item.

See the LaTeX manual or LaTeX Companion for explanation.
Type  H <return>  for immediate help.
 ...                                              
                                                  
l.14 ...n}{\numberline {2.3.2}Sampling Method}{15}
                                                  %
Try typing  <return>  to proceed.
If that doesn't work, type  X <return>  to quit.


./unswthesis.toc:15: LaTeX Error: Something's wrong--perhaps a missing \item.

See the LaTeX manual or LaTeX Companion for explanation.
Type  H <return>  for immediate help.
 ...                                              
                                                  
l.15 ...tion}{\numberline {2.3.3}Markov Chain}{17}
                                                  %
Try typing  <return>  to proceed.
If that doesn't work, type  X <return>  to quit.


./unswthesis.toc:16: LaTeX Error: Something's wrong--perhaps a missing \item.

See the LaTeX manual or LaTeX Companion for explanation.
Type  H <return>  for immediate help.
 ...                                              
                                                  
l.16 ...mberline {2.3.4}MCMC and M-H Sampling}{19}
                                                  %
Try typing  <return>  to proceed.
If that doesn't work, type  X <return>  to quit.


./unswthesis.toc:17: LaTeX Error: Something's wrong--perhaps a missing \item.

See the LaTeX manual or LaTeX Companion for explanation.
Type  H <return>  for immediate help.
 ...                                              
                                                  
l.17 ...on}{\numberline {2.3.5}Gibbs Sampling}{21}
                                                  %
Try typing  <return>  to proceed.
If that doesn't work, type  X <return>  to quit.


./unswthesis.toc:18: LaTeX Error: Something's wrong--perhaps a missing \item.

See the LaTeX manual or LaTeX Companion for explanation.
Type  H <return>  for immediate help.
 ...                                              
                                                  
l.18 ...Chapter 3}Latent Dirichlet Allocation}{23}
                                                  %
Try typing  <return>  to proceed.
If that doesn't work, type  X <return>  to quit.


./unswthesis.toc:19: LaTeX Error: Something's wrong--perhaps a missing \item.

See the LaTeX manual or LaTeX Companion for explanation.
Type  H <return>  for immediate help.
 ...                                              
                                                  
l.19 ...}{\numberline {3.1}Model construction}{23}
                                                  %
Try typing  <return>  to proceed.
If that doesn't work, type  X <return>  to quit.


./unswthesis.toc:20: LaTeX Error: Something's wrong--perhaps a missing \item.

See the LaTeX manual or LaTeX Companion for explanation.
Type  H <return>  for immediate help.
 ...                                              
                                                  
l.20 ...}Unigram and mixture of unigram model}{23}
                                                  %
Try typing  <return>  to proceed.
If that doesn't work, type  X <return>  to quit.


./unswthesis.toc:21: LaTeX Error: Something's wrong--perhaps a missing \item.

See the LaTeX manual or LaTeX Companion for explanation.
Type  H <return>  for immediate help.
 ...                                              
                                                  
l.21 ...robabilistic Latent Semantic Analysis}{24}
                                                  %
Try typing  <return>  to proceed.
If that doesn't work, type  X <return>  to quit.


./unswthesis.toc:22: LaTeX Error: Something's wrong--perhaps a missing \item.

See the LaTeX manual or LaTeX Companion for explanation.
Type  H <return>  for immediate help.
 ...                                              
                                                  
l.22 ...line {3.2}Latent Dirichlet Allocation}{26}
                                                  %
Try typing  <return>  to proceed.
If that doesn't work, type  X <return>  to quit.


./unswthesis.toc:23: LaTeX Error: Something's wrong--perhaps a missing \item.

See the LaTeX manual or LaTeX Companion for explanation.
Type  H <return>  for immediate help.
 ...                                              
                                                  
l.23 ...{3.2.1}Generative process of document}{26}
                                                  %
Try typing  <return>  to proceed.
If that doesn't work, type  X <return>  to quit.


./unswthesis.toc:24: LaTeX Error: Something's wrong--perhaps a missing \item.

See the LaTeX manual or LaTeX Companion for explanation.
Type  H <return>  for immediate help.
 ...                                              
                                                  
l.24 ...berline {3.2.2}Gibbs Sampling for LDA}{29}
                                                  %
Try typing  <return>  to proceed.
If that doesn't work, type  X <return>  to quit.

[3

]

./unswthesis.toc:25: LaTeX Error: Something's wrong--perhaps a missing \item.

See the LaTeX manual or LaTeX Companion for explanation.
Type  H <return>  for immediate help.
 ...                                              
                                                  
l.25 ...rline {3.2.3}Perplexity and Inference}{31}
                                                  %
Try typing  <return>  to proceed.
If that doesn't work, type  X <return>  to quit.


./unswthesis.toc:26: LaTeX Error: Something's wrong--perhaps a missing \item.

See the LaTeX manual or LaTeX Companion for explanation.
Type  H <return>  for immediate help.
 ...                                              
                                                  
l.26 ...erline {3.3}Dirichlet belief networks}{31}
                                                  %
Try typing  <return>  to proceed.
If that doesn't work, type  X <return>  to quit.


./unswthesis.toc:27: LaTeX Error: Something's wrong--perhaps a missing \item.

See the LaTeX manual or LaTeX Companion for explanation.
Type  H <return>  for immediate help.
 ...                                              
                                                  
l.27 ...{3.3.1}Research on Topic Distribution}{32}
                                                  %
Try typing  <return>  to proceed.
If that doesn't work, type  X <return>  to quit.


./unswthesis.toc:28: LaTeX Error: Something's wrong--perhaps a missing \item.

See the LaTeX manual or LaTeX Companion for explanation.
Type  H <return>  for immediate help.
 ...                                              
                                                  
l.28 ...mberline {3.3.2}Introduction of DIRBN}{33}
                                                  %
Try typing  <return>  to proceed.
If that doesn't work, type  X <return>  to quit.


./unswthesis.toc:29: LaTeX Error: Something's wrong--perhaps a missing \item.

See the LaTeX manual or LaTeX Companion for explanation.
Type  H <return>  for immediate help.
 ...                                              
                                                  
l.29 ...\numberline {3.3.3}Inference of DirBN}{33}
                                                  %
Try typing  <return>  to proceed.
If that doesn't work, type  X <return>  to quit.


./unswthesis.toc:30: LaTeX Error: Something's wrong--perhaps a missing \item.

See the LaTeX manual or LaTeX Companion for explanation.
Type  H <return>  for immediate help.
 ...                                              
                                                  
l.30 ...hapter 4}Bound Dirichlet Belief Model}{35}
                                                  %
Try typing  <return>  to proceed.
If that doesn't work, type  X <return>  to quit.


./unswthesis.toc:31: LaTeX Error: Something's wrong--perhaps a missing \item.

See the LaTeX manual or LaTeX Companion for explanation.
Type  H <return>  for immediate help.
 ...                                              
                                                  
l.31 ...ection}{\numberline {4.1}Introduction}{35}
                                                  %
Try typing  <return>  to proceed.
If that doesn't work, type  X <return>  to quit.


./unswthesis.toc:32: LaTeX Error: Something's wrong--perhaps a missing \item.

See the LaTeX manual or LaTeX Companion for explanation.
Type  H <return>  for immediate help.
 ...                                              
                                                  
l.32 ...n}{\numberline {4.2}Inference Process}{37}
                                                  %
Try typing  <return>  to proceed.
If that doesn't work, type  X <return>  to quit.


./unswthesis.toc:33: LaTeX Error: Something's wrong--perhaps a missing \item.

See the LaTeX manual or LaTeX Companion for explanation.
Type  H <return>  for immediate help.
 ...                                              
                                                  
l.33 ...{section}{\numberline {4.3}Experiment}{39}
                                                  %
Try typing  <return>  to proceed.
If that doesn't work, type  X <return>  to quit.


./unswthesis.toc:34: LaTeX Error: Something's wrong--perhaps a missing \item.

See the LaTeX manual or LaTeX Companion for explanation.
Type  H <return>  for immediate help.
 ...                                              
                                                  
l.34 ...er}{\numberline {Chapter 5}Conclusion}{40}
                                                  %
Try typing  <return>  to proceed.
If that doesn't work, type  X <return>  to quit.


./unswthesis.toc:35: LaTeX Error: Something's wrong--perhaps a missing \item.

See the LaTeX manual or LaTeX Companion for explanation.
Type  H <return>  for immediate help.
 ...                                              
                                                  
l.35 \contentsline {chapter}{References}{41}
                                            %
Try typing  <return>  to proceed.
If that doesn't work, type  X <return>  to quit.

)
\tf@toc=\write3
\openout3 = `unswthesis.toc'.



./des/abstract/abs.tex:21: LaTeX Error: Something's wrong--perhaps a missing \item.

See the LaTeX manual or LaTeX Companion for explanation.
Type  H <return>  for immediate help.
 ...                                              
                                                  
l.21 \afterpreface
                  
Try typing  <return>  to proceed.
If that doesn't work, type  X <return>  to quit.

[4]) (./des/introduction/intro.tex

./des/introduction/intro.tex:2: LaTeX Error: Something's wrong--perhaps a missing \item.

See the LaTeX manual or LaTeX Companion for explanation.
Type  H <return>  for immediate help.
 ...                                              
                                                  
l.2 
    
Try typing  <return>  to proceed.
If that doesn't work, type  X <return>  to quit.


./des/introduction/intro.tex:3: LaTeX Error: Something's wrong--perhaps a missing \item.

See the LaTeX manual or LaTeX Companion for explanation.
Type  H <return>  for immediate help.
 ...                                              
                                                  
l.3 \chapter
            {Introduction}\label{s-intro}
Try typing  <return>  to proceed.
If that doesn't work, type  X <return>  to quit.

./des/introduction/intro.tex:3: Undefined control sequence.
\AP@ ->{\blankpage 
                   \par }
l.3 \chapter
            {Introduction}\label{s-intro}
The control sequence at the end of the top line
of your error message was never \def'ed. If you have
misspelled it (e.g., `\hobx'), type `I' and the correct
spelling (e.g., `I\hbox'). Otherwise just continue,
and I'll forget about whatever was undefined.


./des/introduction/intro.tex:3: LaTeX Error: Something's wrong--perhaps a missing \item.

See the LaTeX manual or LaTeX Companion for explanation.
Type  H <return>  for immediate help.
 ...                                              
                                                  
l.3 \chapter
            {Introduction}\label{s-intro}
Try typing  <return>  to proceed.
If that doesn't work, type  X <return>  to quit.

Chapter 1.

./des/introduction/intro.tex:3: LaTeX Error: Something's wrong--perhaps a missing \item.

See the LaTeX manual or LaTeX Companion for explanation.
Type  H <return>  for immediate help.
 ...                                              
                                                  
l.3 \chapter{Introduction}
                          \label{s-intro}
Try typing  <return>  to proceed.
If that doesn't work, type  X <return>  to quit.


Overfull \hbox (29.3747pt too wide) in paragraph at lines 3--3
[] 
 []


./des/introduction/intro.tex:3: LaTeX Error: Something's wrong--perhaps a missing \item.

See the LaTeX manual or LaTeX Companion for explanation.
Type  H <return>  for immediate help.
 ...                                              
                                                  
l.3 \chapter{Introduction}
                          \label{s-intro}
Try typing  <return>  to proceed.
If that doesn't work, type  X <return>  to quit.


./des/introduction/intro.tex:3: LaTeX Error: Something's wrong--perhaps a missing \item.

See the LaTeX manual or LaTeX Companion for explanation.
Type  H <return>  for immediate help.
 ...                                              
                                                  
l.3 \chapter{Introduction}
                          \label{s-intro}
Try typing  <return>  to proceed.
If that doesn't work, type  X <return>  to quit.


./des/introduction/intro.tex:3: LaTeX Error: Something's wrong--perhaps a missing \item.

See the LaTeX manual or LaTeX Companion for explanation.
Type  H <return>  for immediate help.
 ...                                              
                                                  
l.3 \chapter{Introduction}
                          \label{s-intro}
Try typing  <return>  to proceed.
If that doesn't work, type  X <return>  to quit.


Overfull \hbox (29.3747pt too wide) in paragraph at lines 3--3
 [] 
 []


./des/introduction/intro.tex:4: LaTeX Error: Something's wrong--perhaps a missing \item.

See the LaTeX manual or LaTeX Companion for explanation.
Type  H <return>  for immediate help.
 ...                                              
                                                  
l.4 
    
Try typing  <return>  to proceed.
If that doesn't work, type  X <return>  to quit.


./des/introduction/intro.tex:5: LaTeX Error: Something's wrong--perhaps a missing \item.

See the LaTeX manual or LaTeX Companion for explanation.
Type  H <return>  for immediate help.
 ...                                              
                                                  
l.5 
    
Try typing  <return>  to proceed.
If that doesn't work, type  X <return>  to quit.


./des/introduction/intro.tex:7: LaTeX Error: Something's wrong--perhaps a missing \item.

See the LaTeX manual or LaTeX Companion for explanation.
Type  H <return>  for immediate help.
 ...                                              
                                                  
l.7 
    
Try typing  <return>  to proceed.
If that doesn't work, type  X <return>  to quit.


./des/introduction/intro.tex:8: LaTeX Error: Something's wrong--perhaps a missing \item.

See the LaTeX manual or LaTeX Companion for explanation.
Type  H <return>  for immediate help.
 ...                                              
                                                  
l.8 
    
Try typing  <return>  to proceed.
If that doesn't work, type  X <return>  to quit.


./des/introduction/intro.tex:10: LaTeX Error: Something's wrong--perhaps a missing \item.

See the LaTeX manual or LaTeX Companion for explanation.
Type  H <return>  for immediate help.
 ...                                              
                                                  
l.10 
     
Try typing  <return>  to proceed.
If that doesn't work, type  X <return>  to quit.


./des/introduction/intro.tex:13: LaTeX Error: Something's wrong--perhaps a missing \item.

See the LaTeX manual or LaTeX Companion for explanation.
Type  H <return>  for immediate help.
 ...                                              
                                                  
l.13 
     
Try typing  <return>  to proceed.
If that doesn't work, type  X <return>  to quit.

[1

]

./des/introduction/intro.tex:14: LaTeX Error: Something's wrong--perhaps a missing \item.

See the LaTeX manual or LaTeX Companion for explanation.
Type  H <return>  for immediate help.
 ...                                              
                                                  
l.14 
     
Try typing  <return>  to proceed.
If that doesn't work, type  X <return>  to quit.


./des/introduction/intro.tex:16: LaTeX Error: Something's wrong--perhaps a missing \item.

See the LaTeX manual or LaTeX Companion for explanation.
Type  H <return>  for immediate help.
 ...                                              
                                                  
l.16 \begin{itemize}
                    
Try typing  <return>  to proceed.
If that doesn't work, type  X <return>  to quit.


./des/introduction/intro.tex:16: LaTeX Error: Something's wrong--perhaps a missing \item.

See the LaTeX manual or LaTeX Companion for explanation.
Type  H <return>  for immediate help.
 ...                                              
                                                  
l.16 \begin{itemize}
                    
Try typing  <return>  to proceed.
If that doesn't work, type  X <return>  to quit.


LaTeX Warning: Citation `hdp' on page 2 undefined on input line 24.

[2]
Overfull \hbox (25.38696pt too wide) in paragraph at lines 32--33
\OT1/cmr/m/n/12 edge of Bayesian The-o-rem such as prior dis-tri-bu-tion ,pos-te-rior dis-tri-bu-tion,common
 []

) (./des/chapter2/heading/h.tex [3] [4]
Chapter 2.

Overfull \hbox (29.3747pt too wide) in paragraph at lines 1--1
[] 
 []


Overfull \hbox (29.3747pt too wide) in paragraph at lines 1--1
 [] 
 []

) (./des/chapter2/session1/s1.tex [5

]

./des/chapter2/session1/s1.tex:22: Package inputenc Error: Unicode character ． (U+FF0E)
(inputenc)                not set up for use with LaTeX.

See the inputenc package documentation for explanation.
Type  H <return>  for immediate help.
 ...                                              
                                                  
l.22 ...green , but the witness sees it as blue．
                                                  
You may provide a definition with
\DeclareUnicodeCharacter 


./des/chapter2/session1/s1.tex:36: Package inputenc Error: Unicode character 　 (U+3000)
(inputenc)                not set up for use with LaTeX.

See the inputenc package documentation for explanation.
Type  H <return>  for immediate help.
 ...                                              
                                                  
l.36 P(B|E) &=& 　
                   \frac{P(B,E)}{P(E)} \\
You may provide a definition with
\DeclareUnicodeCharacter 

[6] [7] [8]) (./des/chapter2/session2/s2.tex [9]
./des/chapter2/session2/s2.tex:16: Misplaced alignment tab character &.
l.16   f(p|\alpha,\beta) &
                          =& \frac{\Gamma(\alpha)  \Gamma(\beta)}{\Gamma{\al...
I can't figure out why you would want to use a tab mark
here. If you just want an ampersand, the remedy is
simple: Just type `I\&' now. But if some right brace
up above has ended a previous alignment prematurely,
you're probably due for more error messages, and you
might try typing `S' now just to see what is salvageable.

./des/chapter2/session2/s2.tex:16: Misplaced alignment tab character &.
l.16   f(p|\alpha,\beta) &=&
                             \frac{\Gamma(\alpha)  \Gamma(\beta)}{\Gamma{\al...
I can't figure out why you would want to use a tab mark
here. If you just want an ampersand, the remedy is
simple: Just type `I\&' now. But if some right brace
up above has ended a previous alignment prematurely,
you're probably due for more error messages, and you
might try typing `S' now just to see what is salvageable.

./des/chapter2/session2/s2.tex:20: Undefined control sequence.
l.20   f(n_1,n_2,\ndot
                      ,N|p) = p^{K}(1-p)^{N-K}
The control sequence at the end of the top line
of your error message was never \def'ed. If you have
misspelled it (e.g., `\hobx'), type `I' and the correct
spelling (e.g., `I\hbox'). Otherwise just continue,
and I'll forget about whatever was undefined.

./des/chapter2/session2/s2.tex:25: Undefined control sequence.
<argument> f(n_1,n_2,\ndot 
                           ,N|p)f(p|\alpha ,\beta )
l.25   {f(n1,n2,...N,\alpha,\beta)}
                                   
The control sequence at the end of the top line
of your error message was never \def'ed. If you have
misspelled it (e.g., `\hobx'), type `I' and the correct
spelling (e.g., `I\hbox'). Otherwise just continue,
and I'll forget about whatever was undefined.

./des/chapter2/session2/s2.tex:30: Undefined control sequence.
l.30 ...N,\alpha,\beta) &=& \int_p f(n_1,n_2,\ndot
                                                  ,N|p)f(p|\alpha,\beta) \\
The control sequence at the end of the top line
of your error message was never \def'ed. If you have
misspelled it (e.g., `\hobx'), type `I' and the correct
spelling (e.g., `I\hbox'). Otherwise just continue,
and I'll forget about whatever was undefined.

[10]
./des/chapter2/session2/s2.tex:35: Undefined control sequence.
l.35   f(n_1,n_2,\ndot
                      ,N|p)f(p|\alpha,\beta) &=& \frac{1}{B(\alpha,\beta)}x^...
The control sequence at the end of the top line
of your error message was never \def'ed. If you have
misspelled it (e.g., `\hobx'), type `I' and the correct
spelling (e.g., `I\hbox'). Otherwise just continue,
and I'll forget about whatever was undefined.

./des/chapter2/session2/s2.tex:36: Undefined control sequence.
<argument> f(n_1,n_2,\ndot 
                           ,N|p)f(p|\alpha ,\beta )
l.36   {f(n1,n2,...N,\alpha,\beta)}
                                    \\
The control sequence at the end of the top line
of your error message was never \def'ed. If you have
misspelled it (e.g., `\hobx'), type `I' and the correct
spelling (e.g., `I\hbox'). Otherwise just continue,
and I'll forget about whatever was undefined.


Overfull \hbox (7.83727pt too wide) in alignment at lines 34--38
 [][][] []
 []

./des/chapter2/session2/s2.tex:50: Undefined control sequence.
l.50   f(x_1,x_2,\ndots
                       ,x_n|\alpha_1,\ndots,\alpha_n) = \frac{1}{B(\alpha)} ...
The control sequence at the end of the top line
of your error message was never \def'ed. If you have
misspelled it (e.g., `\hobx'), type `I' and the correct
spelling (e.g., `I\hbox'). Otherwise just continue,
and I'll forget about whatever was undefined.

./des/chapter2/session2/s2.tex:50: Undefined control sequence.
l.50   f(x_1,x_2,\ndots,x_n|\alpha_1,\ndots
                                           ,\alpha_n) = \frac{1}{B(\alpha)} ...
The control sequence at the end of the top line
of your error message was never \def'ed. If you have
misspelled it (e.g., `\hobx'), type `I' and the correct
spelling (e.g., `I\hbox'). Otherwise just continue,
and I'll forget about whatever was undefined.

./des/chapter2/session2/s2.tex:60: Undefined control sequence.
l.60 ...ty distribution $Dirichlet(\alpha_1,\ndots
                                                  ,\alpha_N)$ ,
The control sequence at the end of the top line
of your error message was never \def'ed. If you have
misspelled it (e.g., `\hobx'), type `I' and the correct
spelling (e.g., `I\hbox'). Otherwise just continue,
and I'll forget about whatever was undefined.

./des/chapter2/session2/s2.tex:61: Undefined control sequence.
l.61 ...rrences of each situation $[x_1,x_2,\ndots
                                                  ,x_n]$, the posterior prob...
The control sequence at the end of the top line
of your error message was never \def'ed. If you have
misspelled it (e.g., `\hobx'), type `I' and the correct
spelling (e.g., `I\hbox'). Otherwise just continue,
and I'll forget about whatever was undefined.

./des/chapter2/session2/s2.tex:61: Undefined control sequence.
l.61 ...ubject to $Dirichlet(\alpha_1 + x_1,\ndots
                                                  ,\alpha_n+x_n)$.Prove:
The control sequence at the end of the top line
of your error message was never \def'ed. If you have
misspelled it (e.g., `\hobx'), type `I' and the correct
spelling (e.g., `I\hbox'). Otherwise just continue,
and I'll forget about whatever was undefined.

[11]
./des/chapter2/session2/s2.tex:65: Undefined control sequence.
l.65   f(p_1,p_2,\ndots
                       ,p_n|\alpha_1,\dots,\alpha_n) = \frac{1}{B(\alpha)} \...
The control sequence at the end of the top line
of your error message was never \def'ed. If you have
misspelled it (e.g., `\hobx'), type `I' and the correct
spelling (e.g., `I\hbox'). Otherwise just continue,
and I'll forget about whatever was undefined.

./des/chapter2/session2/s2.tex:70: Undefined control sequence.
l.70   f(x_1,x_2,\ndot
                      ,x_n|k,p_1,p_2,\dots,p_n) &=&  \frac{k!}{x_1!,\ndots,x...
The control sequence at the end of the top line
of your error message was never \def'ed. If you have
misspelled it (e.g., `\hobx'), type `I' and the correct
spelling (e.g., `I\hbox'). Otherwise just continue,
and I'll forget about whatever was undefined.

./des/chapter2/session2/s2.tex:70: Misplaced alignment tab character &.
l.70   f(x_1,x_2,\ndot,x_n|k,p_1,p_2,\dots,p_n) &
                                                 =&  \frac{k!}{x_1!,\ndots,x...
I can't figure out why you would want to use a tab mark
here. If you just want an ampersand, the remedy is
simple: Just type `I\&' now. But if some right brace
up above has ended a previous alignment prematurely,
you're probably due for more error messages, and you
might try typing `S' now just to see what is salvageable.

./des/chapter2/session2/s2.tex:70: Misplaced alignment tab character &.
l.70 ...x_1,x_2,\ndot,x_n|k,p_1,p_2,\dots,p_n) &=&
                                                    \frac{k!}{x_1!,\ndots,x_...
I can't figure out why you would want to use a tab mark
here. If you just want an ampersand, the remedy is
simple: Just type `I\&' now. But if some right brace
up above has ended a previous alignment prematurely,
you're probably due for more error messages, and you
might try typing `S' now just to see what is salvageable.

./des/chapter2/session2/s2.tex:70: Undefined control sequence.
<argument> x_1!,\ndots 
                       ,x_n
l.70 ...\dots,p_n) &=&  \frac{k!}{x_1!,\ndots,x_n}
                                                   \prod_{i=1}^n p_i^{x_i}
The control sequence at the end of the top line
of your error message was never \def'ed. If you have
misspelled it (e.g., `\hobx'), type `I' and the correct
spelling (e.g., `I\hbox'). Otherwise just continue,
and I'll forget about whatever was undefined.

./des/chapter2/session2/s2.tex:74: Undefined control sequence.
<argument> f(x_1\ndot 
                      ,x_n|k,p_1\dots p_n)*f(p_1 \ndots p_n|\alpha _1 \dots ...
l.74 ...(k,x_1 \dots x_n,\alpha_1,\dots,\alpha_n)}
                                                  
The control sequence at the end of the top line
of your error message was never \def'ed. If you have
misspelled it (e.g., `\hobx'), type `I' and the correct
spelling (e.g., `I\hbox'). Otherwise just continue,
and I'll forget about whatever was undefined.

./des/chapter2/session2/s2.tex:74: Undefined control sequence.
<argument> ...t ,x_n|k,p_1\dots p_n)*f(p_1 \ndots 
                                                  p_n|\alpha _1 \dots \alpha...
l.74 ...(k,x_1 \dots x_n,\alpha_1,\dots,\alpha_n)}
                                                  
The control sequence at the end of the top line
of your error message was never \def'ed. If you have
misspelled it (e.g., `\hobx'), type `I' and the correct
spelling (e.g., `I\hbox'). Otherwise just continue,
and I'll forget about whatever was undefined.


Overfull \hbox (19.25278pt too wide) in alignment at lines 73--75
 [][][] []
 []

./des/chapter2/session2/s2.tex:79: Undefined control sequence.
l.79 ...ha_1,\dots,\alpha_n) &=& \int_p f(x_1\ndot
                                                  ,x_n|k,p_1\dots p_n)*f(p_1...
The control sequence at the end of the top line
of your error message was never \def'ed. If you have
misspelled it (e.g., `\hobx'), type `I' and the correct
spelling (e.g., `I\hbox'). Otherwise just continue,
and I'll forget about whatever was undefined.

./des/chapter2/session2/s2.tex:79: Undefined control sequence.
l.79 ...(x_1\ndot,x_n|k,p_1\dots p_n)*f(p_1 \ndots
                                                   p_n|\alpha_1 \dots \alpha...
The control sequence at the end of the top line
of your error message was never \def'ed. If you have
misspelled it (e.g., `\hobx'), type `I' and the correct
spelling (e.g., `I\hbox'). Otherwise just continue,
and I'll forget about whatever was undefined.

./des/chapter2/session2/s2.tex:80: Undefined control sequence.
<argument> x_1!,\ndots 
                       ,x_n
l.80   & = &\frac{k!}{x_1!,\ndots,x_n}
                                        \frac{1}{B(\alpha)}  \int_p \prod_{i...
The control sequence at the end of the top line
of your error message was never \def'ed. If you have
misspelled it (e.g., `\hobx'), type `I' and the correct
spelling (e.g., `I\hbox'). Otherwise just continue,
and I'll forget about whatever was undefined.

./des/chapter2/session2/s2.tex:81: Undefined control sequence.
<argument> x_1!,\ndots 
                       ,x_n!
l.81   &=&  \frac{k!}{x_1!,\ndots,x_n!}
                                         \frac{B(\alpha + x)}{B(\alpha)}
The control sequence at the end of the top line
of your error message was never \def'ed. If you have
misspelled it (e.g., `\hobx'), type `I' and the correct
spelling (e.g., `I\hbox'). Otherwise just continue,
and I'll forget about whatever was undefined.

./des/chapter2/session2/s2.tex:85: Undefined control sequence.
l.85   f(x_1\ndot
                 ,x_n|k,p_1\dots p_n)*f(p_1 \ndots p_n|\alpha_1 \dots \alpha...
The control sequence at the end of the top line
of your error message was never \def'ed. If you have
misspelled it (e.g., `\hobx'), type `I' and the correct
spelling (e.g., `I\hbox'). Otherwise just continue,
and I'll forget about whatever was undefined.

./des/chapter2/session2/s2.tex:85: Undefined control sequence.
l.85   f(x_1\ndot,x_n|k,p_1\dots p_n)*f(p_1 \ndots
                                                   p_n|\alpha_1 \dots \alpha...
The control sequence at the end of the top line
of your error message was never \def'ed. If you have
misspelled it (e.g., `\hobx'), type `I' and the correct
spelling (e.g., `I\hbox'). Otherwise just continue,
and I'll forget about whatever was undefined.

./des/chapter2/session2/s2.tex:85: Undefined control sequence.
<argument> x_1!,\ndots 
                       ,x_n
l.85 ...s \alpha_n) &=& \frac{k!}{x_1!,\ndots,x_n}
                                                   \prod_{i=1}^n p_i^{x_i} \...
The control sequence at the end of the top line
of your error message was never \def'ed. If you have
misspelled it (e.g., `\hobx'), type `I' and the correct
spelling (e.g., `I\hbox'). Otherwise just continue,
and I'll forget about whatever was undefined.

./des/chapter2/session2/s2.tex:86: Undefined control sequence.
<argument> x_1!,\ndots 
                       ,x_n!
l.86   &=& \frac{k!}{x_1!,\ndots,x_n!}
                                        \frac{1}{B(\alpha)} \prod_{i=1}^n p_...
The control sequence at the end of the top line
of your error message was never \def'ed. If you have
misspelled it (e.g., `\hobx'), type `I' and the correct
spelling (e.g., `I\hbox'). Otherwise just continue,
and I'll forget about whatever was undefined.

[12]
./des/chapter2/session2/s2.tex:121: Undefined control sequence.
l.121   f(x_1,x_2,\ndot
                       ,x_n|k,p_1,p_2,\dots,p_n) &=&  \frac{k!}{x_1!,\ndots,...
The control sequence at the end of the top line
of your error message was never \def'ed. If you have
misspelled it (e.g., `\hobx'), type `I' and the correct
spelling (e.g., `I\hbox'). Otherwise just continue,
and I'll forget about whatever was undefined.

./des/chapter2/session2/s2.tex:121: Misplaced alignment tab character &.
l.121   f(x_1,x_2,\ndot,x_n|k,p_1,p_2,\dots,p_n) &
                                                  =&  \frac{k!}{x_1!,\ndots,...
I can't figure out why you would want to use a tab mark
here. If you just want an ampersand, the remedy is
simple: Just type `I\&' now. But if some right brace
up above has ended a previous alignment prematurely,
you're probably due for more error messages, and you
might try typing `S' now just to see what is salvageable.

./des/chapter2/session2/s2.tex:121: Misplaced alignment tab character &.
l.121 ..._1,x_2,\ndot,x_n|k,p_1,p_2,\dots,p_n) &=&
                                                    \frac{k!}{x_1!,\ndots,x_...
I can't figure out why you would want to use a tab mark
here. If you just want an ampersand, the remedy is
simple: Just type `I\&' now. But if some right brace
up above has ended a previous alignment prematurely,
you're probably due for more error messages, and you
might try typing `S' now just to see what is salvageable.

./des/chapter2/session2/s2.tex:121: Undefined control sequence.
<argument> x_1!,\ndots 
                       ,x_n
l.121 ...dots,p_n) &=&  \frac{k!}{x_1!,\ndots,x_n}
                                                   \prod_{i=1}^n p_i^{x_i}
The control sequence at the end of the top line
of your error message was never \def'ed. If you have
misspelled it (e.g., `\hobx'), type `I' and the correct
spelling (e.g., `I\hbox'). Otherwise just continue,
and I'll forget about whatever was undefined.

[13]) (./des/chapter2/session3/s3.tex
./des/chapter2/session3/s3.tex:12: Missing $ inserted.
<inserted text> 
                $
l.12 
     
I've inserted a begin-math/end-math symbol since I think
you left one out. Proceed, with fingers crossed.

./des/chapter2/session3/s3.tex:12: Missing } inserted.
<inserted text> 
                }
l.12 
     
I've inserted something that you may have forgotten.
(See the <inserted text> above.)
With luck, this will get me unwedged. But if you
really didn't forget anything, try typing `2' now; then
my insertion and my current dilemma will both disappear.

./des/chapter2/session3/s3.tex:12: Display math should end with $$.
<to be read again> 
                   \@@par 
l.12 
     
The `$' that I just saw supposedly matches a previous `$$'.
So I shall assume that you typed `$$' both times.

./des/chapter2/session3/s3.tex:12: Extra }, or forgotten \endgroup.
\@par ... \@noitemerr {\@@par }\fi \else {\@@par }
                                                  \fi 
l.12 
     
I've deleted a group-closing symbol because it seems to be
spurious, as in `$x}$'. But perhaps the } is legitimate and
you forgot something else, as in `\hbox{$x}'. In such cases
the way to recover is to insert both the forgotten and the
deleted material, e.g., by typing `I$}'.


./des/chapter2/session3/s3.tex:13: LaTeX Error: Bad math environment delimiter.

See the LaTeX manual or LaTeX Companion for explanation.
Type  H <return>  for immediate help.
 ...                                              
                                                  
l.13 \]
       
Your command was ignored.
Type  I <command> <return>  to replace it with another command,
or  <return>  to continue without it.

./des/chapter2/session3/s3.tex:13: Missing $ inserted.
<inserted text> 
                $
l.13 \]
       
I've inserted something that you may have forgotten.
(See the <inserted text> above.)
With luck, this will get me unwedged. But if you
really didn't forget anything, try typing `2' now; then
my insertion and my current dilemma will both disappear.

./des/chapter2/session3/s3.tex:13: Display math should end with $$.
<to be read again> 
                   \endgroup 
l.13 \]
       
The `$' that I just saw supposedly matches a previous `$$'.
So I shall assume that you typed `$$' both times.


./des/chapter2/session3/s3.tex:18: Package inputenc Error: Unicode character ​ (U+200B)
(inputenc)                not set up for use with LaTeX.

See the inputenc package documentation for explanation.
Type  H <return>  for immediate help.
 ...                                              
                                                  
l.18 Then we can sample $n$ values ​
                                      ​in the $[a,b]$, interval: $x_1,\dot...
You may provide a definition with
\DeclareUnicodeCharacter 


./des/chapter2/session3/s3.tex:18: Package inputenc Error: Unicode character ​ (U+200B)
(inputenc)                not set up for use with LaTeX.

See the inputenc package documentation for explanation.
Type  H <return>  for immediate help.
 ...                                              
                                                  
l.18 Then we can sample $n$ values ​​
                                         in the $[a,b]$, interval: $x_1,\dot...
You may provide a definition with
\DeclareUnicodeCharacter 


./des/chapter2/session3/s3.tex:18: Package inputenc Error: Unicode character ​ (U+200B)
(inputenc)                not set up for use with LaTeX.

See the inputenc package documentation for explanation.
Type  H <return>  for immediate help.
 ...                                              
                                                  
l.18 ...ots,x_n$, and use their average values ​
                                                  ​to represent all $f(x)$...
You may provide a definition with
\DeclareUnicodeCharacter 


./des/chapter2/session3/s3.tex:18: Package inputenc Error: Unicode character ​ (U+200B)
(inputenc)                not set up for use with LaTeX.

See the inputenc package documentation for explanation.
Type  H <return>  for immediate help.
 ...                                              
                                                  
l.18 ...,x_n$, and use their average values ​​
                                                  to represent all $f(x)$ va...
You may provide a definition with
\DeclareUnicodeCharacter 


./des/chapter2/session3/s3.tex:18: Package inputenc Error: Unicode character ​ (U+200B)
(inputenc)                not set up for use with LaTeX.

See the inputenc package documentation for explanation.
Type  H <return>  for immediate help.
 ...                                              
                                                  
l.18 ...s ​​to represent all $f(x)$ values ​
                                                  ​in the $[a,b]$ interval...
You may provide a definition with
\DeclareUnicodeCharacter 


./des/chapter2/session3/s3.tex:18: Package inputenc Error: Unicode character ​ (U+200B)
(inputenc)                not set up for use with LaTeX.

See the inputenc package documentation for explanation.
Type  H <return>  for immediate help.
 ...                                              
                                                  
l.18 ...​to represent all $f(x)$ values ​​
                                                  in the $[a,b]$ interval. S...
You may provide a definition with
\DeclareUnicodeCharacter 

[14] [15]
<reject.png, id=93, 349.7868pt x 252.2223pt>
File: reject.png Graphic file (type png)
<use reject.png>
Package pdftex.def Info: reject.png  used on input line 57.
(pdftex.def)             Requested size: 423.94588pt x 305.69794pt.
 [16] [17 <./reject.png>] [18] [19]

./des/chapter2/session3/s3.tex:180: Package inputenc Error: Unicode character ， (U+FF0C)
(inputenc)                not set up for use with LaTeX.

See the inputenc package documentation for explanation.
Type  H <return>  for immediate help.
 ...                                              
                                                  
l.180       \item if $u<\pi(x_*)*Q(x_*|x_0)$，
                                               then accept $x_*$.
You may provide a definition with
\DeclareUnicodeCharacter 


./des/chapter2/session3/s3.tex:185: Package inputenc Error: Unicode character ​ (U+200B)
(inputenc)                not set up for use with LaTeX.

See the inputenc package documentation for explanation.
Type  H <return>  for immediate help.
 ...                                              
                                                  
l.185 ...ch as 0.1, most of our sampled values ​
                                                  ​are rejected and the sa...
You may provide a definition with
\DeclareUnicodeCharacter 


./des/chapter2/session3/s3.tex:185: Package inputenc Error: Unicode character ​ (U+200B)
(inputenc)                not set up for use with LaTeX.

See the inputenc package documentation for explanation.
Type  H <return>  for immediate help.
 ...                                              
                                                  
l.185 ...as 0.1, most of our sampled values ​​
                                                  are rejected and the sampl...
You may provide a definition with
\DeclareUnicodeCharacter 

[20]

./des/chapter2/session3/s3.tex:201: Package inputenc Error: Unicode character 　 (U+3000)
(inputenc)                not set up for use with LaTeX.

See the inputenc package documentation for explanation.
Type  H <return>  for immediate help.
 ...                                              
                                                  
l.201 ...very low. At the same time, $ \alpha $　
                                                  is generally less than 1. ...
You may provide a definition with
\DeclareUnicodeCharacter 

[21]

./des/chapter2/session3/s3.tex:223: Package inputenc Error: Unicode character 　 (U+3000)
(inputenc)                not set up for use with LaTeX.

See the inputenc package documentation for explanation.
Type  H <return>  for immediate help.
 ...                                              
                                                  
l.223 ...en any two points meets Detail balance　
                                                  conditions! In the same wa...
You may provide a definition with
\DeclareUnicodeCharacter 

) (./des/chapter3/heading/h.tex [22]
Chapter 3.

Overfull \hbox (29.3747pt too wide) in paragraph at lines 2--2
[] 
 []


Overfull \hbox (29.3747pt too wide) in paragraph at lines 2--2
 [] 
 []

) (./des/chapter3/session1/s1.tex [23

]
<plsa.png, id=122, 301.125pt x 129.48375pt>
File: plsa.png Graphic file (type png)
<use plsa.png>
Package pdftex.def Info: plsa.png  used on input line 28.
(pdftex.def)             Requested size: 423.94588pt x 182.31325pt.
 [24]
./des/chapter3/session1/s1.tex:42: Extra }, or forgotten \endgroup.
l.42 \end{enumerate}}
                     
I've deleted a group-closing symbol because it seems to be
spurious, as in `$x}$'. But perhaps the } is legitimate and
you forgot something else, as in `\hbox{$x}'. In such cases
the way to recover is to insert both the forgotten and the
deleted material, e.g., by typing `I$}'.

) (./des/chapter3/session2/s2.tex [25 <./plsa.png>]
<lda.png, id=130, 1084.05pt x 548.0475pt>
File: lda.png Graphic file (type png)
<use lda.png>
Package pdftex.def Info: lda.png  used on input line 8.
(pdftex.def)             Requested size: 423.94588pt x 214.32303pt.
 [26] [27 <./lda.png (PNG copy)>]
./des/chapter3/session2/s2.tex:39: Undefined control sequence.
l.39 ...\int \prod_{k=1}^K p_k^{n_k} Dir(p|\alphha
                                                  ) d_p \\
The control sequence at the end of the top line
of your error message was never \def'ed. If you have
misspelled it (e.g., `\hobx'), type `I' and the correct
spelling (e.g., `I\hbox'). Otherwise just continue,
and I'll forget about whatever was undefined.

./des/chapter3/session2/s2.tex:55: Undefined control sequence.
l.55 ...        &=& \frac{1}{B(\alpha)}\int \prowd
                                                  _{k=1}{V}p_k^{n_k+\alpha_k...
The control sequence at the end of the top line
of your error message was never \def'ed. If you have
misspelled it (e.g., `\hobx'), type `I' and the correct
spelling (e.g., `I\hbox'). Otherwise just continue,
and I'll forget about whatever was undefined.

[28]
./des/chapter3/session2/s2.tex:70: Undefined control sequence.
l.70 ...beta) & = & p(\vec{w}|\vec{z},\beta)p(\vev
                                                  {z}|\alpha) \\
The control sequence at the end of the top line
of your error message was never \def'ed. If you have
misspelled it (e.g., `\hobx'), type `I' and the correct
spelling (e.g., `I\hbox'). Otherwise just continue,
and I'll forget about whatever was undefined.

[29]

./des/chapter3/session2/s2.tex:98: Package inputenc Error: Unicode character 𝐾 (U+1D43E)
(inputenc)                not set up for use with LaTeX.

See the inputenc package documentation for explanation.
Type  H <return>  for immediate help.
 ...                                              
                                                  
l.98 ...em  Choose the right number of topics 𝐾
                                                  , choose the right hyperpa...
You may provide a definition with
\DeclareUnicodeCharacter 


./des/chapter3/session2/s2.tex:98: Package inputenc Error: Unicode character 𝛼 (U+1D6FC)
(inputenc)                not set up for use with LaTeX.

See the inputenc package documentation for explanation.
Type  H <return>  for immediate help.
 ...                                              
                                                  
l.98 ...hoose the right hyperparameter vector 𝛼
                                                  ⃗$\vec{\alpha}$ and $\ve...
You may provide a definition with
\DeclareUnicodeCharacter 


./des/chapter3/session2/s2.tex:98: Package inputenc Error: Unicode character ⃗ (U+20D7)
(inputenc)                not set up for use with LaTeX.

See the inputenc package documentation for explanation.
Type  H <return>  for immediate help.
 ...                                              
                                                  
l.98 ...se the right hyperparameter vector 𝛼⃗
                                                  $\vec{\alpha}$ and $\vec{\...
You may provide a definition with
\DeclareUnicodeCharacter 


./des/chapter3/session2/s2.tex:99: Package inputenc Error: Unicode character 　 (U+3000)
(inputenc)                not set up for use with LaTeX.

See the inputenc package documentation for explanation.
Type  H <return>  for immediate help.
 ...                                              
                                                  
l.99 　
        \item Corresponding to each word of each document in the corpus, ran...
You may provide a definition with
\DeclareUnicodeCharacter 


./des/chapter3/session2/s2.tex:100: Package inputenc Error: Unicode character 　 (U+3000)
(inputenc)                not set up for use with LaTeX.

See the inputenc package documentation for explanation.
Type  H <return>  for immediate help.
 ...                                              
                                                  
l.100 　
         \item Rescan the corpus, for each word, use Gibbs sampling formula ...
You may provide a definition with
\DeclareUnicodeCharacter 

[30]) (./des/chapter3/session3/s3.tex [31] [32]
Overfull \hbox (0.79845pt too wide) in paragraph at lines 27--30
[]\OT1/cmr/m/n/12 Different from sin-gle layer dirich-let,DirBN model pro-posed a multi-layer Dirch-
 []

<dirbn.png, id=154, 679.53876pt x 301.125pt>
File: dirbn.png Graphic file (type png)
<use dirbn.png>
Package pdftex.def Info: dirbn.png  used on input line 33.
(pdftex.def)             Requested size: 369.88582pt x 163.9054pt.
[33 <./dirbn.png>]) (./des/chapter4/heading/h.tex [34]
Chapter 4.

Overfull \hbox (29.3747pt too wide) in paragraph at lines 1--1
[] 
 []


Overfull \hbox (29.3747pt too wide) in paragraph at lines 1--1
 [] 
 []

<ubdn.png, id=161, 777.90625pt x 472.76625pt>
File: ubdn.png Graphic file (type png)
<use ubdn.png>
Package pdftex.def Info: ubdn.png  used on input line 9.
(pdftex.def)             Requested size: 423.94588pt x 257.6561pt.
[35

 <./ubdn.png>]

./des/chapter4/heading/h.tex:15: Package amsmath Error: \tag not allowed here.

See the amsmath package documentation for explanation.
Type  H <return>  for immediate help.
 ...                                              
                                                  
l.15 ...ti(M^l;\pi_{i'.}^1 \otimes w_{i'.}^l) \tag
                                                  {1}$$
\tag cannot be used at this point. If you don't understand why
you should consult the documentation.
But don't worry: just continue, and I'll forget what happened. 


./des/chapter4/heading/h.tex:16: Package amsmath Error: \tag not allowed here.

See the amsmath package documentation for explanation.
Type  H <return>  for immediate help.
 ...                                              
                                                  
l.16 ...irihlet(\alpha_d +\sum_{i'}{C_{i'.i}})\tag
                                                  {2}$$
\tag cannot be used at this point. If you don't understand why
you should consult the documentation.
But don't worry: just continue, and I'll forget what happened. 


./des/chapter4/heading/h.tex:18: Package amsmath Error: \tag not allowed here.

See the amsmath package documentation for explanation.
Type  H <return>  for immediate help.
 ...                                              
                                                  
l.18 ...ti(M^l;\pi_{i'.}^l \otimes w_{i'.}^l) \tag
                                                  {1}$$
\tag cannot be used at this point. If you don't understand why
you should consult the documentation.
But don't worry: just continue, and I'll forget what happened. 


./des/chapter4/heading/h.tex:19: Package amsmath Error: \tag not allowed here.

See the amsmath package documentation for explanation.
Type  H <return>  for immediate help.
 ...                                              
                                                  
l.19 ...ihlet(\alpha_d +\sum_{i'}{C_{i'.i}^l})\tag
                                                  {2}$$
\tag cannot be used at this point. If you don't understand why
you should consult the documentation.
But don't worry: just continue, and I'll forget what happened. 

[36]

./des/chapter4/heading/h.tex:48: Package inputenc Error: Unicode character π (U+03C0)
(inputenc)                not set up for use with LaTeX.

See the inputenc package documentation for explanation.
Type  H <return>  for immediate help.
 ...                                              
                                                  
l.48 ... variable for each latent distribution π
                                                   and we can thus easily ob...
You may provide a definition with
\DeclareUnicodeCharacter 


./des/chapter4/heading/h.tex:50: Package amsmath Error: \tag not allowed here.

See the amsmath package documentation for explanation.
Type  H <return>  for immediate help.
 ...                                              
                                                  
l.50 ...sim Poisson(M^l \pi_{i'k}^l w_{i'i}^l)\tag
                                                  {3}$$
\tag cannot be used at this point. If you don't understand why
you should consult the documentation.
But don't worry: just continue, and I'll forget what happened. 

[37] [38]
<res.png, id=175, 914.41624pt x 602.25pt>
File: res.png Graphic file (type png)
<use res.png>
Package pdftex.def Info: res.png  used on input line 125.
(pdftex.def)             Requested size: 423.94588pt x 279.2163pt.
 [39 <./res.png>]
Chapter 5.

Overfull \hbox (29.3747pt too wide) in paragraph at lines 131--131
[] 
 []


Overfull \hbox (29.3747pt too wide) in paragraph at lines 131--131
 [] 
 []

) (./des/bib/b.tex [40

]
Overfull \hbox (29.3747pt too wide) in paragraph at lines 4--4
[] 
 []


Overfull \hbox (29.3747pt too wide) in paragraph at lines 4--4
 [] 
 []

[41


]
Underfull \hbox (badness 3209) in paragraph at lines 60--61
[]\OT1/cmr/m/n/12 Chib, Sid-dhartha, and Ed-ward Green-berg. "Un-der-stand-ing the
 []

)

./unswthesis.tex:145: LaTeX Error: \begin{enumerate} on input line 2 ended by \end{document}.

See the LaTeX manual or LaTeX Companion for explanation.
Type  H <return>  for immediate help.
 ...                                              
                                                  
l.145 \end{document}
                    
Your command was ignored.
Type  I <command> <return>  to replace it with another command,
or  <return>  to continue without it.

[42] (./unswthesis.aux)

LaTeX Warning: There were undefined references.


LaTeX Warning: There were multiply-defined labels.

 )
(\end occurred inside a group at level 1)

### semi simple group (level 1) entered at line 2 (\begingroup)
### bottom level 
Here is how much of TeX's memory you used:
 2642 strings out of 480471
 34622 string characters out of 5899396
 273084 words of memory out of 5000000
 18594 multiletter control sequences out of 15000+600000
 539791 words of font info for 53 fonts, out of 8000000 for 9000
 1143 hyphenation exceptions out of 8191
 31i,8n,27p,1009b,349s stack positions out of 5000i,500n,10000p,200000b,80000s
{/usr/local/texlive/2020/texmf-dist/fonts/enc/dvips/cm-super/cm-super-ts1.enc}</usr/local/texlive/2020/texmf-dist/fonts/type1/public/amsfonts/cm/cmbx12.pfb></usr/local/texlive/2020/texmf-dist/fonts/type1/public/amsfonts/cm/cmcsc10.pfb></usr/local/texlive/2020/texmf-dist/fonts/type1/public/amsfonts/cm/cmex10.pfb></usr/local/texlive/2020/texmf-dist/fonts/type1/public/amsfonts/cm/cmmi12.pfb></usr/local/texlive/2020/texmf-dist/fonts/type1/public/amsfonts/cm/cmmi6.pfb></usr/local/texlive/2020/texmf-dist/fonts/type1/public/amsfonts/cm/cmmi8.pfb></usr/local/texlive/2020/texmf-dist/fonts/type1/public/amsfonts/cm/cmr12.pfb></usr/local/texlive/2020/texmf-dist/fonts/type1/public/amsfonts/cm/cmr17.pfb></usr/local/texlive/2020/texmf-dist/fonts/type1/public/amsfonts/cm/cmr6.pfb></usr/local/texlive/2020/texmf-dist/fonts/type1/public/amsfonts/cm/cmr8.pfb></usr/local/texlive/2020/texmf-dist/fonts/type1/public/amsfonts/cm/cmsy10.pfb></usr/local/texlive/2020/texmf-dist/fonts/type1/public/
amsfonts/cm/cmsy6.pfb></usr/local/texlive/2020/texmf-dist/fonts/type1/public/amsfonts/cm/cmsy8.pfb></usr/local/texlive/2020/texmf-dist/fonts/type1/public/amsfonts/cm/cmti12.pfb></usr/local/texlive/2020/texmf-dist/fonts/type1/public/cm-super/sfrm1200.pfb>
Output written on unswthesis.pdf (47 pages, 809328 bytes).
PDF statistics:
 241 PDF objects out of 1000 (max. 8388607)
 157 compressed objects within 2 object streams
 0 named destinations out of 1000 (max. 500000)
 36 words of extra memory for PDF output out of 10000 (max. 10000000)

